<?xml version="1.0" encoding="utf-8"?><testsuites name="pytest tests"><testsuite name="pytest" errors="0" failures="0" skipped="0" tests="10" time="2.201" timestamp="2026-06-11T23:16:00.074537+00:00" hostname="agent-env-856f08f4-547c-4196-840c-4ba45d1a8a0d"><testcase classname="tests.test_iteration4" name="test_all_scenarios_version_2_with_short_variants" time="0.122" /><testcase classname="tests.test_iteration4" name="test_pas_de_site_step2_has_google_local_angle" time="0.105" /><testcase classname="tests.test_iteration4" name="test_put_scenario_with_template_court_preserves_version" time="0.485" /><testcase classname="tests.test_iteration4" name="test_settings_offre_persists" time="0.402" /><testcase classname="tests.test_iteration4" name="test_whatsapp_sequence_uses_short_variants" time="0.413" /><testcase classname="tests.test_iteration4" name="test_email_sequence_uses_long_templates" time="0.415" /><testcase classname="tests.test_iteration4" name="test_queue_contains_accroche_saison_field" time="0.103" /><testcase classname="tests.test_iteration4" name="test_scoring_site_ancien_beats_pas_de_site" time="0.079" /><testcase classname="tests.test_iteration4" name="test_accroche_saison_couvreur_june_returns_text" time="0.000" /><testcase classname="tests.test_iteration4" name="test_accroche_saison_peintre_june_empty" time="0.000" /></testsuite></testsuites>