<?xml version="1.0" encoding="utf-8"?><testsuites name="pytest tests"><testsuite name="pytest" errors="0" failures="1" skipped="0" tests="7" time="17.169" timestamp="2026-06-11T11:50:48.943974+00:00" hostname="agent-env-2e55131f-b9f2-499b-b6df-75209727f45c"><testcase classname="backend.tests.test_iteration2.TestScenarioStats" name="test_scenario_stats_shape" time="0.267" /><testcase classname="backend.tests.test_iteration2.TestExportExcel" name="test_export_returns_xlsx" time="0.197" /><testcase classname="backend.tests.test_iteration2.TestExportExcel" name="test_export_with_filter" time="0.054" /><testcase classname="backend.tests.test_iteration2.TestMiniAudit" name="test_mini_audit_generates_clean_text" time="15.977"><failure message="AssertionError: contient jargon technique 'https': J’ai regardé ce qu’un client voit en vous cherchant sur Google pour JAMAL BOUHAMED (JB PLAQUISTE ÉLECTRICIEN MENUISIER) à Sennecey-lès-Dijon. &#10;  ⚠️ Pas de site : vous manquez des appels quand quelqu’un tape “électricien Sennecey-lès-Dijon”. &#10;  ⚠️ Aucun numéro visible et cliquable : difficile de vous joindre depuis un téléphone. &#10;  ✅ Un mini-site clair (métier, zone, bouton d’appel, formulaire) permet une demande de devis en 30 s et rassure avec vos photos de chantiers. &#10;  On en parle 15 min pour débloquer ça simplement ? https://calendly.com/sitequivend/30min&#10;assert 'https' not in 'j’ai regard...uivend/30min'&#10;  &#10;  'https' is contained here:&#10;    j’ai regardé ce qu’un client voit en vous cherchant sur google pour jamal bouhamed (jb plaquiste électricien menuisier) à sennecey-lès-dijon. &#10;    ⚠️ pas de site : vous manquez des appels quand quelqu’un tape “électricien sennecey-lès-dijon”. &#10;    ⚠️ aucun numéro visible et cliquable : difficile de vous joindre depuis un téléphone. &#10;    ✅ un mini-site clair (métier, zone, bouton d’appel, formulaire) permet une demande de devis en 30 s et rassure avec vos photos de chantiers. &#10;    on en parle 15 min pour débloquer ça simplement ? https://calendly.com/sitequivend/30min&#10;  ?                                                   +++++">backend/tests/test_iteration2.py:80: in test_mini_audit_generates_clean_text
    assert term not in lower, f"contient jargon technique '{term}': {audit}"
E   AssertionError: contient jargon technique 'https': J’ai regardé ce qu’un client voit en vous cherchant sur Google pour JAMAL BOUHAMED (JB PLAQUISTE ÉLECTRICIEN MENUISIER) à Sennecey-lès-Dijon. 
E     ⚠️ Pas de site : vous manquez des appels quand quelqu’un tape “électricien Sennecey-lès-Dijon”. 
E     ⚠️ Aucun numéro visible et cliquable : difficile de vous joindre depuis un téléphone. 
E     ✅ Un mini-site clair (métier, zone, bouton d’appel, formulaire) permet une demande de devis en 30 s et rassure avec vos photos de chantiers. 
E     On en parle 15 min pour débloquer ça simplement ? https://calendly.com/sitequivend/30min
E   assert 'https' not in 'j’ai regard...uivend/30min'
E     
E     'https' is contained here:
E       j’ai regardé ce qu’un client voit en vous cherchant sur google pour jamal bouhamed (jb plaquiste électricien menuisier) à sennecey-lès-dijon. 
E       ⚠️ pas de site : vous manquez des appels quand quelqu’un tape “électricien sennecey-lès-dijon”. 
E       ⚠️ aucun numéro visible et cliquable : difficile de vous joindre depuis un téléphone. 
E       ✅ un mini-site clair (métier, zone, bouton d’appel, formulaire) permet une demande de devis en 30 s et rassure avec vos photos de chantiers. 
E       on en parle 15 min pour débloquer ça simplement ? https://calendly.com/sitequivend/30min
E     ?                                                   +++++</failure></testcase><testcase classname="backend.tests.test_iteration2.TestEmailSend" name="test_email_send_without_config_returns_400" time="0.149" /><testcase classname="backend.tests.test_iteration2.TestScenarioEmailChannel" name="test_scenario_accepts_email_channel_with_objet" time="0.257" /><testcase classname="backend.tests.test_iteration2.TestSettingsSendGrid" name="test_sendgrid_fields_persist" time="0.192" /></testsuite></testsuites>