<?xml version="1.0" encoding="utf-8"?><testsuites name="pytest tests"><testsuite name="pytest" errors="0" failures="0" skipped="0" tests="15" time="18.411" timestamp="2026-06-11T12:46:44.780032+00:00" hostname="agent-env-7d25508e-43ab-4cfc-860d-5412eeeaf5f2"><testcase classname="backend.tests.test_iteration3" name="test_dashboard_stats" time="0.264" /><testcase classname="backend.tests.test_iteration3" name="test_queue_endpoint" time="0.110" /><testcase classname="backend.tests.test_iteration3" name="test_settings_preloaded" time="0.105" /><testcase classname="backend.tests.test_iteration3" name="test_settings_put_persists_autopilot" time="0.494" /><testcase classname="backend.tests.test_iteration3" name="test_scenarios_have_4_profiles_with_email_step4" time="0.115" /><testcase classname="backend.tests.test_iteration3" name="test_scenario_update_and_restore" time="0.406" /><testcase classname="backend.tests.test_iteration3" name="test_prospects_list_and_filter" time="0.475" /><testcase classname="backend.tests.test_iteration3" name="test_prospect_get_detail" time="0.437" /><testcase classname="backend.tests.test_iteration3" name="test_prospect_patch_email" time="0.540" /><testcase classname="backend.tests.test_iteration3" name="test_prospect_action_envoye_advances_step" time="0.653" /><testcase classname="backend.tests.test_iteration3" name="test_autopilot_status_keys" time="0.108" /><testcase classname="backend.tests.test_iteration3" name="test_autopilot_log_endpoint" time="0.109" /><testcase classname="backend.tests.test_iteration3" name="test_autopilot_run_sends_to_test_prospect" time="2.635" /><testcase classname="backend.tests.test_iteration3" name="test_ai_improve_one_call" time="9.460" /><testcase classname="backend.tests.test_iteration3" name="test_scraper_job_completes" time="2.380" /></testsuite></testsuites>