<?xml version="1.0" encoding="utf-8"?><testsuites name="pytest tests"><testsuite name="pytest" errors="0" failures="0" skipped="0" tests="25" time="2.533" timestamp="2026-06-12T11:15:02.584766+00:00" hostname="agent-env-8b41e539-e5bc-4c50-8af2-9938b66207cf"><testcase classname="backend.tests.test_machine_guerre" name="test_canal_plan_email_seul" time="0.000" /><testcase classname="backend.tests.test_machine_guerre" name="test_canal_plan_trois_canaux" time="0.001" /><testcase classname="backend.tests.test_machine_guerre" name="test_canal_plan_email_mobile" time="0.000" /><testcase classname="backend.tests.test_machine_guerre" name="test_canal_plan_sans_email" time="0.000" /><testcase classname="backend.tests.test_machine_guerre" name="test_canal_plan_fixe_seul" time="0.000" /><testcase classname="backend.tests.test_machine_guerre" name="test_canal_plan_aucun_contact" time="0.000" /><testcase classname="backend.tests.test_machine_guerre" name="test_advance_updates_bascule_canal" time="0.000" /><testcase classname="backend.tests.test_machine_guerre" name="test_advance_updates_derniere_etape_epuise" time="0.000" /><testcase classname="backend.tests.test_machine_guerre" name="test_pick_objet_variantes" time="0.000" /><testcase classname="backend.tests.test_machine_guerre" name="test_tous_les_scenarios_ont_objet_b" time="0.000" /><testcase classname="backend.tests.test_machine_guerre" name="test_plus_de_simon_ici" time="0.000" /><testcase classname="backend.tests.test_machine_guerre" name="test_argument_vente_injecte" time="0.000" /><testcase classname="backend.tests.test_machine_guerre" name="test_argument_vente_fallback_signal" time="0.000" /><testcase classname="backend.tests.test_iteration5_api" name="test_queue_sorted_by_vendabilite" time="0.340" /><testcase classname="backend.tests.test_iteration5_api" name="test_dashboard_business_new_fields" time="0.059" /><testcase classname="backend.tests.test_iteration5_api" name="test_scenarios_v3_and_no_simon_ici" time="0.049" /><testcase classname="backend.tests.test_iteration5_api" name="test_put_scenario_persists_objet_b" time="0.211" /><testcase classname="backend.tests.test_iteration5_api" name="test_import_creates_multicanal_prospect" time="0.107" /><testcase classname="backend.tests.test_iteration5_api" name="test_multi_canal_two_sends_then_whatsapp" time="0.212" /><testcase classname="backend.tests.test_iteration5_api" name="test_prospect_sequence_has_canal_and_objet" time="0.166" /><testcase classname="backend.tests.test_iteration5_api" name="test_patch_recomputes_plan_canaux" time="0.158" /><testcase classname="backend.tests.test_iteration5_api" name="test_argument_vente_rendered_in_sequence" time="0.158" /><testcase classname="backend.tests.test_iteration5_api" name="test_regression_dashboard_stats" time="0.054" /><testcase classname="backend.tests.test_iteration5_api" name="test_regression_list_prospects" time="0.057" /><testcase classname="backend.tests.test_iteration5_api" name="test_regression_actions_gagne_perdu_rappel" time="0.795" /></testsuite></testsuites>