<?xml version="1.0" encoding="utf-8"?><testsuites name="pytest tests"><testsuite name="pytest" errors="0" failures="1" skipped="0" tests="10" time="8.830" timestamp="2026-06-11T11:37:41.050302+00:00" hostname="agent-env-2e55131f-b9f2-499b-b6df-75209727f45c"><testcase classname="backend.tests.backend_test.TestDashboard" name="test_stats" time="0.265" /><testcase classname="backend.tests.backend_test.TestQueue" name="test_queue_items" time="0.053" /><testcase classname="backend.tests.backend_test.TestScenarios" name="test_list_scenarios" time="0.051" /><testcase classname="backend.tests.backend_test.TestScenarios" name="test_update_scenario_persist" time="0.188" /><testcase classname="backend.tests.backend_test.TestSettings" name="test_get_settings" time="0.047" /><testcase classname="backend.tests.backend_test.TestSettings" name="test_put_settings_persist" time="0.186" /><testcase classname="backend.tests.backend_test.TestImport" name="test_import_csv_and_dedupe" time="0.519" /><testcase classname="backend.tests.backend_test.TestProspectAction" name="test_action_envoye_advances_step" time="0.434" /><testcase classname="backend.tests.backend_test.TestScrape" name="test_scrape_gouv_dijon_electricien" time="3.180" /><testcase classname="backend.tests.backend_test.TestAI" name="test_ai_improve" time="3.727"><failure message="AssertionError: AI improve failed: 502 {&quot;detail&quot;:&quot;Erreur génération IA : Failed to start streaming completion: litellm.BadRequestError: OpenAIException - {'error': '/chat/completions: Invalid model name passed in model=gpt-5.4. Call `/v1/models` to view available models for your key.'}&quot;}&#10;assert 502 == 200&#10; +  where 502 = &lt;Response [502]&gt;.status_code">backend/tests/backend_test.py:223: in test_ai_improve
    assert r.status_code == 200, f"AI improve failed: {r.status_code} {r.text}"
E   AssertionError: AI improve failed: 502 {"detail":"Erreur génération IA : Failed to start streaming completion: litellm.BadRequestError: OpenAIException - {'error': '/chat/completions: Invalid model name passed in model=gpt-5.4. Call `/v1/models` to view available models for your key.'}"}
E   assert 502 == 200
E    +  where 502 = &lt;Response [502]&gt;.status_code</failure></testcase></testsuite></testsuites>